<?xml version="1.0" encoding="UTF-8"?>
<!-- Generated by org.testng.reporters.JUnitXMLReporter -->
<testsuite ignored="0" hostname="IBM-G9FS8F4" failures="1" tests="1" name="Surefire test" time="9.456" errors="0" timestamp="2026-02-04T12:07:00 IST">
  <testcase classname="demos.TestActivity6" name="Test1" time="0.0">
    <failure type="org.testng.TestNGException" message="
Parameter &amp;apos;username&amp;apos; is required by @Test on method Test1 but has not been marked @Optional or defined
">
      <![CDATA[org.testng.TestNGException: 
Parameter 'username' is required by @Test on method Test1 but has not been marked @Optional or defined

at java.base/java.util.ArrayList.forEach(ArrayList.java:1511)
... Removed 31 stack frames]]>
    </failure>
  </testcase> <!-- Test1 -->
</testsuite> <!-- Surefire test -->
